Iniciando cliente iperf3 para 10.0.99.2:5002 (12M, UDP)
Connecting to host 10.0.99.2, port 5002
[  5] local 10.0.22.1 port 35110 connected to 10.0.99.2 port 5002
[ ID] Interval           Transfer     Bitrate         Total Datagrams
[  5]   0.00-1.00   sec  1.43 MBytes  12.0 Mbits/sec  1036
[  5]   1.00-2.00   sec  1.43 MBytes  12.0 Mbits/sec  1036
[  5]   2.00-3.00   sec  1.43 MBytes  12.0 Mbits/sec  1036
[  5]   3.00-4.00   sec  1.43 MBytes  12.0 Mbits/sec  1036
[  5]   4.00-5.00   sec  1.43 MBytes  12.0 Mbits/sec  1036
[  5]   5.00-6.00   sec  1.43 MBytes  12.0 Mbits/sec  1036
[  5]   6.00-7.00   sec  1.43 MBytes  12.0 Mbits/sec  1036
[  5]   7.00-8.00   sec  1.43 MBytes  12.0 Mbits/sec  1036
[  5]   8.00-9.00   sec  1.43 MBytes  12.0 Mbits/sec  1035
[  5]   9.00-10.00  sec  1.43 MBytes  12.0 Mbits/sec  1036
[  5]  10.00-11.00  sec  1.43 MBytes  12.0 Mbits/sec  1035
[  5]  11.00-12.00  sec  1.43 MBytes  12.0 Mbits/sec  1037
[  5]  12.00-13.00  sec  1.43 MBytes  12.0 Mbits/sec  1036
[  5]  13.00-14.00  sec  1.43 MBytes  12.0 Mbits/sec  1036
[  5]  14.00-15.00  sec  1.43 MBytes  12.0 Mbits/sec  1036
[  5]  15.00-16.00  sec  1.43 MBytes  12.0 Mbits/sec  1036
[  5]  16.00-17.00  sec  1.43 MBytes  12.0 Mbits/sec  1036
[  5]  17.00-18.00  sec  1.43 MBytes  12.0 Mbits/sec  1036
[  5]  18.00-19.00  sec  1.43 MBytes  12.0 Mbits/sec  1036
[  5]  19.00-20.00  sec  1.43 MBytes  12.0 Mbits/sec  1036
[  5]  20.00-21.00  sec  1.43 MBytes  12.0 Mbits/sec  1036
[  5]  21.00-22.00  sec  1.43 MBytes  12.0 Mbits/sec  1035
[  5]  22.00-23.00  sec  1.43 MBytes  12.0 Mbits/sec  1036
[  5]  23.00-24.00  sec  1.43 MBytes  12.0 Mbits/sec  1036
[  5]  24.00-25.00  sec  1.43 MBytes  12.0 Mbits/sec  1036
[  5]  25.00-26.00  sec  1.43 MBytes  12.0 Mbits/sec  1036
[  5]  26.00-27.00  sec  1.43 MBytes  12.0 Mbits/sec  1036
[  5]  27.00-28.00  sec  1.43 MBytes  12.0 Mbits/sec  1036
[  5]  28.00-29.00  sec  1.43 MBytes  12.0 Mbits/sec  1036
[  5]  29.00-30.00  sec  1.43 MBytes  12.0 Mbits/sec  1036
[  5]  30.00-31.00  sec  1.43 MBytes  12.0 Mbits/sec  1036
[  5]  31.00-32.00  sec  1.43 MBytes  12.0 Mbits/sec  1035
[  5]  32.00-33.00  sec  1.43 MBytes  12.0 Mbits/sec  1036
[  5]  33.00-34.00  sec  1.43 MBytes  12.0 Mbits/sec  1036
[  5]  34.00-35.00  sec  1.43 MBytes  12.0 Mbits/sec  1036
[  5]  35.00-36.00  sec  1.43 MBytes  12.0 Mbits/sec  1036
[  5]  36.00-37.00  sec  1.43 MBytes  12.0 Mbits/sec  1036
[  5]  37.00-38.00  sec  1.43 MBytes  12.0 Mbits/sec  1036
[  5]  38.00-39.00  sec  1.43 MBytes  12.0 Mbits/sec  1036
[  5]  39.00-40.00  sec  1.43 MBytes  12.0 Mbits/sec  1036
[  5]  40.00-41.00  sec  1.43 MBytes  12.0 Mbits/sec  1036
[  5]  41.00-42.00  sec  1.43 MBytes  12.0 Mbits/sec  1036
[  5]  42.00-43.00  sec  1.43 MBytes  12.0 Mbits/sec  1035
[  5]  43.00-44.00  sec  1.43 MBytes  12.0 Mbits/sec  1036
[  5]  44.00-45.00  sec  1.43 MBytes  12.0 Mbits/sec  1036
[  5]  45.00-46.00  sec  1.43 MBytes  12.0 Mbits/sec  1036
[  5]  46.00-47.00  sec  1.43 MBytes  12.0 Mbits/sec  1036
[  5]  47.00-48.00  sec  1.43 MBytes  12.0 Mbits/sec  1036
[  5]  48.00-49.00  sec  1.43 MBytes  12.0 Mbits/sec  1036
[  5]  49.00-50.00  sec  1.43 MBytes  12.0 Mbits/sec  1036
[  5]  50.00-51.00  sec  1.43 MBytes  12.0 Mbits/sec  1036
[  5]  51.00-52.00  sec  1.43 MBytes  12.0 Mbits/sec  1036
[  5]  52.00-53.00  sec  1.43 MBytes  12.0 Mbits/sec  1036
[  5]  53.00-54.00  sec  1.43 MBytes  12.0 Mbits/sec  1036
[  5]  54.00-55.00  sec  1.43 MBytes  12.0 Mbits/sec  1035
[  5]  55.00-56.00  sec  1.43 MBytes  12.0 Mbits/sec  1036
[  5]  56.00-57.00  sec  1.43 MBytes  12.0 Mbits/sec  1036
[  5]  57.00-58.00  sec  1.43 MBytes  12.0 Mbits/sec  1036
[  5]  58.00-59.00  sec  1.43 MBytes  12.0 Mbits/sec  1036
[  5]  59.00-60.00  sec  1.43 MBytes  12.0 Mbits/sec  1036
- - - - - - - - - - - - - - - - - - - - - - - - -
[ ID] Interval           Transfer     Bitrate         Jitter    Lost/Total Datagrams
[  5]   0.00-60.00  sec  85.8 MBytes  12.0 Mbits/sec  0.000 ms  0/62155 (0%)  sender
[  5]   0.00-60.16  sec  41.2 MBytes  5.75 Mbits/sec  0.366 ms  32308/62155 (52%)  receiver

iperf Done.
